Base path: C:/Program Files (x86)/Unity/Editor/Data
Pipe name: \\.\pipe\UnityShaderCompiler-4-9492
Cmd: getPlatforms
Cmd: compileSnippet
  api=1 type=0 insize=5231 outsize=996 kw=DIRECTIONAL SHADOWS_SCREEN LIGHTMAP_OFF DIRLIGHTMAP_OFF ok=1
Cmd: compileSnippet
  api=0 type=0 insize=5231 outsize=3653 kw=DIRECTIONAL SHADOWS_OFF LIGHTMAP_OFF DIRLIGHTMAP_OFF VERTEXLIGHT_ON ok=1
Cmd: compileSnippet
  api=0 type=1 insize=5231 outsize=6 kw=DIRECTIONAL SHADOWS_SCREEN LIGHTMAP_OFF DIRLIGHTMAP_OFF ok=1
Cmd: compileSnippet
  api=1 type=0 insize=3184 outsize=675 kw=POINT ok=1
Cmd: compileSnippet
  api=0 type=0 insize=3184 outsize=2365 kw=SPOT ok=1
Cmd: compileSnippet
  api=0 type=0 insize=3184 outsize=2137 kw=DIRECTIONAL_COOKIE ok=1
Cmd: compileSnippet
  api=1 type=1 insize=3184 outsize=539 kw=DIRECTIONAL ok=1
Cmd: compileSnippet
  api=0 type=1 insize=3184 outsize=6 kw=POINT_COOKIE ok=1
Cmd: compileSnippet
  api=1 type=1 insize=3184 outsize=728 kw=POINT_COOKIE ok=1
Cmd: compileSnippet
  api=0 type=0 insize=4916 outsize=3015 kw=LIGHTMAP_OFF DIRLIGHTMAP_OFF HDR_LIGHT_PREPASS_ON ok=1
Cmd: compileSnippet
  api=0 type=1 insize=4916 outsize=6 kw=LIGHTMAP_OFF DIRLIGHTMAP_OFF HDR_LIGHT_PREPASS_ON ok=1
Unhandled exception: Readfile from pipe failed. GLE=파이프가 끝났습니다.


Quitting shader compiler process
