Base path: C:/Program Files (x86)/Unity/Editor/Data
Pipe name: \\.\pipe\UnityShaderCompiler-2-304
Cmd: getPlatforms
Cmd: compileSnippet
  api=0 type=0 insize=5231 outsize=3184 kw=DIRECTIONAL SHADOWS_SCREEN LIGHTMAP_OFF DIRLIGHTMAP_OFF ok=1
Cmd: compileSnippet
  api=1 type=0 insize=5231 outsize=1551 kw=DIRECTIONAL SHADOWS_SCREEN LIGHTMAP_OFF DIRLIGHTMAP_OFF VERTEXLIGHT_ON ok=1
Cmd: compileSnippet
  api=1 type=1 insize=5231 outsize=569 kw=DIRECTIONAL SHADOWS_OFF LIGHTMAP_OFF DIRLIGHTMAP_OFF ok=1
Cmd: compileSnippet
  api=1 type=0 insize=3184 outsize=531 kw=DIRECTIONAL ok=1
Cmd: compileSnippet
  api=1 type=0 insize=3184 outsize=693 kw=SPOT ok=1
Cmd: compileSnippet
  api=4 type=0 insize=3184 outsize=3224 kw=POINT_COOKIE ok=1
Cmd: compileSnippet
  api=4 type=0 insize=3184 outsize=2891 kw=DIRECTIONAL_COOKIE ok=1
Cmd: compileSnippet
  api=0 type=1 insize=3184 outsize=6 kw=DIRECTIONAL ok=1
Cmd: compileSnippet
  api=1 type=1 insize=3184 outsize=816 kw=SPOT ok=1
Cmd: compileSnippet
  api=0 type=1 insize=3184 outsize=6 kw=DIRECTIONAL_COOKIE ok=1
Cmd: compileSnippet
  api=1 type=1 insize=3184 outsize=610 kw=DIRECTIONAL_COOKIE ok=1
Cmd: compileSnippet
  api=1 type=1 insize=2804 outsize=359 kw= ok=1
Cmd: compileSnippet
  api=1 type=0 insize=4916 outsize=910 kw=LIGHTMAP_OFF DIRLIGHTMAP_OFF HDR_LIGHT_PREPASS_ON ok=1
Cmd: compileSnippet
  api=1 type=1 insize=4916 outsize=545 kw=LIGHTMAP_OFF DIRLIGHTMAP_OFF HDR_LIGHT_PREPASS_OFF ok=1
Unhandled exception: Readfile from pipe failed. GLE=파이프가 끝났습니다.


Quitting shader compiler process
