Base path: C:/Program Files (x86)/Unity/Editor/Data
Pipe name: \\.\pipe\UnityShaderCompiler-3-14476
Cmd: getPlatforms
Cmd: compileSnippet
  api=1 type=0 insize=5231 outsize=868 kw=DIRECTIONAL SHADOWS_OFF LIGHTMAP_OFF DIRLIGHTMAP_OFF ok=1
Cmd: compileSnippet
  api=1 type=0 insize=5231 outsize=1395 kw=DIRECTIONAL SHADOWS_OFF LIGHTMAP_OFF DIRLIGHTMAP_OFF VERTEXLIGHT_ON ok=1
Cmd: compileSnippet
  api=4 type=0 insize=5231 outsize=5125 kw=DIRECTIONAL SHADOWS_SCREEN LIGHTMAP_OFF DIRLIGHTMAP_OFF VERTEXLIGHT_ON ok=1
Cmd: compileSnippet
  api=1 type=1 insize=5231 outsize=655 kw=DIRECTIONAL SHADOWS_SCREEN LIGHTMAP_OFF DIRLIGHTMAP_OFF ok=1
Cmd: compileSnippet
  api=0 type=0 insize=3184 outsize=1904 kw=DIRECTIONAL ok=1
Cmd: compileSnippet
  api=0 type=0 insize=3184 outsize=2299 kw=POINT_COOKIE ok=1
Cmd: compileSnippet
  api=1 type=0 insize=3184 outsize=652 kw=DIRECTIONAL_COOKIE ok=1
Cmd: compileSnippet
  api=1 type=1 insize=3184 outsize=686 kw=POINT ok=1
Cmd: compileSnippet
  api=4 type=1 insize=3184 outsize=2282 kw=POINT_COOKIE ok=1
Cmd: compileSnippet
  api=1 type=0 insize=2804 outsize=498 kw= ok=1
Cmd: compileSnippet
  api=1 type=0 insize=4916 outsize=910 kw=LIGHTMAP_OFF DIRLIGHTMAP_OFF HDR_LIGHT_PREPASS_OFF ok=1
Cmd: compileSnippet
  api=4 type=0 insize=4916 outsize=3232 kw=LIGHTMAP_OFF DIRLIGHTMAP_OFF HDR_LIGHT_PREPASS_ON ok=1
Cmd: compileSnippet
  api=1 type=1 insize=4916 outsize=498 kw=LIGHTMAP_OFF DIRLIGHTMAP_OFF HDR_LIGHT_PREPASS_ON ok=1
Unhandled exception: Readfile from pipe failed. GLE=파이프가 끝났습니다.


Quitting shader compiler process
